Sat Nov 25 2017 14:32:24 GMT-0500 (Eastern Standard Time) : GET /about
Sat Nov 25 2017 14:32:25 GMT-0500 (Eastern Standard Time) : GET /
Sat Nov 25 2017 14:32:27 GMT-0500 (Eastern Standard Time) : GET /about
Sat Nov 25 2017 14:33:08 GMT-0500 (Eastern Standard Time) : GET /
Sat Nov 25 2017 14:33:10 GMT-0500 (Eastern Standard Time) : GET /about
Sat Nov 25 2017 14:33:55 GMT-0500 (Eastern Standard Time) : GET /about
Sat Nov 25 2017 14:33:56 GMT-0500 (Eastern Standard Time) : GET /
Sat Nov 25 2017 14:33:58 GMT-0500 (Eastern Standard Time) : GET /
Sat Nov 25 2017 14:33:58 GMT-0500 (Eastern Standard Time) : GET /about
Sat Nov 25 2017 14:34:29 GMT-0500 (Eastern Standard Time) : GET /about/nSat Nov 25 2017 14:34:30 GMT-0500 (Eastern Standard Time) : GET /about/nSat Nov 25 2017 14:34:31 GMT-0500 (Eastern Standard Time) : GET //nSat Nov 25 2017 14:34:32 GMT-0500 (Eastern Standard Time) : GET /about/nSat Nov 25 2017 14:34:33 GMT-0500 (Eastern Standard Time) : GET //nSat Nov 25 2017 14:44:00 GMT-0500 (Eastern Standard Time) : GET /
Sat Nov 25 2017 14:48:09 GMT-0500 (Eastern Standard Time) : GET /
Sat Nov 25 2017 14:48:10 GMT-0500 (Eastern Standard Time) : GET /
Sat Nov 25 2017 14:48:11 GMT-0500 (Eastern Standard Time) : GET /
Sat Nov 25 2017 14:48:11 GMT-0500 (Eastern Standard Time) : GET /
Sat Nov 25 2017 14:48:11 GMT-0500 (Eastern Standard Time) : GET /
Sat Nov 25 2017 14:48:57 GMT-0500 (Eastern Standard Time) : GET /
Sat Nov 25 2017 14:48:59 GMT-0500 (Eastern Standard Time) : GET /
Sat Nov 25 2017 14:50:05 GMT-0500 (Eastern Standard Time) : GET /
Sat Nov 25 2017 14:50:52 GMT-0500 (Eastern Standard Time) : GET /
Sat Nov 25 2017 14:51:29 GMT-0500 (Eastern Standard Time) : GET /
Sat Nov 25 2017 14:51:42 GMT-0500 (Eastern Standard Time) : GET /
Sat Nov 25 2017 15:00:16 GMT-0500 (Eastern Standard Time) : GET /about
Sat Nov 25 2017 15:01:55 GMT-0500 (Eastern Standard Time) : GET /help.html
Sat Nov 25 2017 15:02:54 GMT-0500 (Eastern Standard Time) : GET /help.html
Sat Nov 25 2017 15:02:56 GMT-0500 (Eastern Standard Time) : GET /about
Sat Nov 25 2017 15:02:58 GMT-0500 (Eastern Standard Time) : GET /about
Sat Nov 25 2017 15:02:59 GMT-0500 (Eastern Standard Time) : GET /
Sat Nov 25 2017 16:34:27 GMT-0500 (Eastern Standard Time) : GET /
Sat Nov 25 2017 16:34:40 GMT-0500 (Eastern Standard Time) : GET /about
Sun Nov 26 2017 22:36:03 GMT-0500 (Eastern Standard Time) : GET /about
Sun Nov 26 2017 22:36:07 GMT-0500 (Eastern Standard Time) : GET /
Sun Nov 26 2017 22:36:08 GMT-0500 (Eastern Standard Time) : GET /about
